2023-12--18 23:12:29:12 - [32minfo[39m: [32mAplicação na porta 3000[39m
2023-12--18 23:13:22:13 - [32minfo[39m: [32mAplicação na porta 3000[39m
2023-12--18 23:13:24:13 - [32minfo[39m: [32mConectou ao DB[39m
2023-12--18 23:13:24:13 - [32minfo[39m: [32mAplicação na porta 3000[39m
2023-12--18 23:13:41:13 - [32minfo[39m: [32mConectou ao DB[39m
2023-12--18 23:13:41:13 - [32minfo[39m: [32mAplicação na porta 3000[39m
2023-12--18 23:13:44:13 - [32minfo[39m: [32mConectou ao DB[39m
2023-12--18 23:13:44:13 - [32minfo[39m: [32mAplicação na porta 3000[39m
2023-12--18 23:13:47:13 - [32minfo[39m: [32mConectou ao DB[39m
2023-12--18 23:13:47:13 - [32minfo[39m: [32mAplicação na porta 3000[39m
2023-12--18 23:13:51:13 - [32minfo[39m: [32mConectou ao DB[39m
2023-12--18 23:13:51:13 - [32minfo[39m: [32mAplicação na porta 3000[39m
2023-12--18 23:14:12:14 - [31merror[39m: [31mNão fez conexão[39m
2023-12--18 23:14:12:14 - [31merror[39m: [31mError Error: querySrv ENOTFOUND _mongodb._tcp.cluster0.q2cp2io.mongodb.net[39m
2023-12--18 23:14:12:14 - [32minfo[39m: [32mAplicação na porta 3000[39m
2023-12--18 23:14:19:14 - [32minfo[39m: [32mConectou ao DB[39m
2023-12--18 23:14:19:14 - [32minfo[39m: [32mAplicação na porta 3000[39m
2023-12--18 23:14:38:14 - [32minfo[39m: [32mConectou ao DB[39m
2023-12--18 23:14:38:14 - [32minfo[39m: [32mAplicação na porta 3000[39m
2023-12--18 23:14:46:14 - [32minfo[39m: [32mConectou ao DB[39m
2023-12--18 23:14:46:14 - [32minfo[39m: [32mAplicação na porta 3000[39m
2023-12--18 23:14:54:14 - [32minfo[39m: [32mConectou ao DB[39m
2023-12--18 23:14:54:14 - [32minfo[39m: [32mAplicação na porta 3000[39m
2023-12--18 23:15:01:15 - [31merror[39m: [31mNão fez conexão[39m
2023-12--18 23:15:09:15 - [32minfo[39m: [32mConectou ao DB[39m
2023-12--18 23:15:09:15 - [32minfo[39m: [32mAplicação na porta 3000[39m
2023-12--18 23:32:25:32 - [32minfo[39m: [32mConectou ao DB[39m
2023-12--18 23:32:25:32 - [32minfo[39m: [32mAplicação na porta 3000[39m
2023-12--18 23:36:37:36 - [32minfo[39m: [32mConectou ao DB[39m
2023-12--18 23:36:37:36 - [32minfo[39m: [32mAplicação na porta 3000[39m
2023-12--18 23:36:54:36 - [32minfo[39m: [32mConectou ao DB[39m
2023-12--18 23:36:54:36 - [32minfo[39m: [32mAplicação na porta 3000[39m
2023-12--18 23:37:35:37 - [32minfo[39m: [32mConectou ao DB[39m
2023-12--18 23:37:35:37 - [32minfo[39m: [32mAplicação na porta 3000[39m
2023-12--18 23:38:23:38 - [31merror[39m: [31mNão fez conexão[39m
2023-12--18 23:38:45:38 - [31merror[39m: [31mNão fez conexão[39m
2023-12--18 23:38:55:38 - [31merror[39m: [31mNão fez conexão[39m
2023-12--18 23:39:53:39 - [32minfo[39m: [32mConectou ao DB[39m
2023-12--18 23:39:53:39 - [32minfo[39m: [32mAplicação na porta 3000[39m
2023-12--18 23:42:58:42 - [32minfo[39m: [32mConectou ao DB[39m
2023-12--18 23:42:58:42 - [32minfo[39m: [32mAplicação na porta 3000[39m
2023-12--18 23:51:13:51 - [32minfo[39m: [32mConectou ao DB[39m
2023-12--18 23:51:13:51 - [32minfo[39m: [32mAplicação na porta 3000[39m
2023-12--19 20:15:27:15 - [32minfo[39m: [32mConectou ao DB[39m
2023-12--19 20:15:27:15 - [32minfo[39m: [32mAplicação na porta 3000[39m
2023-12--19 20:27:59:27 - [35mhttp[39m: [35mPOST /api/movie 200 9 - 6.837 ms[39m
[35m[39m
2023-12--19 20:29:14:29 - [32minfo[39m: [32mConectou ao DB[39m
2023-12--19 20:29:14:29 - [32minfo[39m: [32mAplicação na porta 3000[39m
2023-12--19 20:29:20:29 - [32minfo[39m: [32mConectou ao DB[39m
2023-12--19 20:29:20:29 - [32minfo[39m: [32mAplicação na porta 3000[39m
2023-12--19 20:29:37:29 - [32minfo[39m: [32mConectou ao DB[39m
2023-12--19 20:29:37:29 - [32minfo[39m: [32mAplicação na porta 3000[39m
2023-12--19 20:29:42:29 - [32minfo[39m: [32mConectou ao DB[39m
2023-12--19 20:29:42:29 - [32minfo[39m: [32mAplicação na porta 3000[39m
2023-12--19 20:29:46:29 - [32minfo[39m: [32mConectou ao DB[39m
2023-12--19 20:29:46:29 - [32minfo[39m: [32mAplicação na porta 3000[39m
2023-12--19 20:30:05:30 - [32minfo[39m: [32mConectou ao DB[39m
2023-12--19 20:30:06:30 - [32minfo[39m: [32mAplicação na porta 3000[39m
2023-12--19 20:30:10:30 - [32minfo[39m: [32mConectou ao DB[39m
2023-12--19 20:30:10:30 - [32minfo[39m: [32mAplicação na porta 3000[39m
2023-12--19 20:30:15:30 - [32minfo[39m: [32mConectou ao DB[39m
2023-12--19 20:30:15:30 - [32minfo[39m: [32mAplicação na porta 3000[39m
2023-12--19 20:30:28:30 - [32minfo[39m: [32mConectou ao DB[39m
2023-12--19 20:30:28:30 - [32minfo[39m: [32mAplicação na porta 3000[39m
